<?xml version="1.0" encoding="UTF-8"?>
<testng-results ignored="0" total="1" passed="1" failed="0" skipped="0">
  <reporter-output>
  </reporter-output>
  <suite started-at="2023-04-05T23:17:11 IST" name="Default suite" finished-at="2023-04-05T23:17:11 IST" duration-ms="121">
    <groups>
    </groups>
    <test started-at="2023-04-05T23:17:11 IST" name="Default test" finished-at="2023-04-05T23:17:11 IST" duration-ms="121">
      <class name="Testing.Shopee">
        <test-method signature="Buying()[pri:0, instance:Testing.Shopee@6c779568]" started-at="2023-04-05T23:17:11 IST" name="Buying" finished-at="2023-04-05T23:17:11 IST" duration-ms="20" status="PASS">
          <reporter-output>
          </reporter-output>
        </test-method> <!-- Buying -->
      </class> <!-- Testing.Shopee -->
    </test> <!-- Default test -->
  </suite> <!-- Default suite -->
</testng-results>
